Flutter crash report.
Please report a bug at https://github.com/flutter/flutter/issues.

## command

flutter test test/gamut_whitepoint_json_test.dart

## exception

ShaderCompilerException: ShaderCompilerException: Shader compilation of "E:\flutter\packages\flutter\lib\src\material\shaders\ink_sparkle.frag" to "build\unit_test_assets\shaders/ink_sparkle.frag" failed with exit code 1.
impellerc stdout:

impellerc stderr:
Could not write file to build\unit_test_assets\shaders/ink_sparkle.frag




```
#0      ShaderCompiler.compileShader (package:flutter_tools/src/build_system/tools/shader_compiler.dart:196:9)
<asynchronous suspension>
#1      writeBundle.<anonymous closure> (package:flutter_tools/src/bundle_builder.dart:208:25)
<asynchronous suspension>
#2      Future.wait.<anonymous closure> (dart:async/future.dart:546:21)
<asynchronous suspension>
#3      writeBundle (package:flutter_tools/src/bundle_builder.dart:171:3)
<asynchronous suspension>
#4      TestCommand._buildTestAsset (package:flutter_tools/src/commands/test.dart:777:7)
<asynchronous suspension>
#5      TestCommand.runCommand (package:flutter_tools/src/commands/test.dart:474:7)
<asynchronous suspension>
#6      FlutterCommand.run.<anonymous closure> (package:flutter_tools/src/runner/flutter_command.dart:1559:27)
<asynchronous suspension>
#7      AppContext.run.<anonymous closure> (package:flutter_tools/src/base/context.dart:154:19)
<asynchronous suspension>
#8      CommandRunner.runCommand (package:args/command_runner.dart:212:13)
<asynchronous suspension>
#9      FlutterCommandRunner.runCommand.<anonymous closure> (package:flutter_tools/src/runner/flutter_command_runner.dart:487:9)
<asynchronous suspension>
#10     AppContext.run.<anonymous closure> (package:flutter_tools/src/base/context.dart:154:19)
<asynchronous suspension>
#11     FlutterCommandRunner.runCommand (package:flutter_tools/src/runner/flutter_command_runner.dart:422:5)
<asynchronous suspension>
#12     run.<anonymous closure>.<anonymous closure> (package:flutter_tools/runner.dart:101:11)
<asynchronous suspension>
#13     AppContext.run.<anonymous closure> (package:flutter_tools/src/base/context.dart:154:19)
<asynchronous suspension>
#14     main (package:flutter_tools/executable.dart:103:3)
<asynchronous suspension>
```

## flutter doctor

```
[✓] Flutter (Channel beta, 3.39.0-0.1.pre, on Microsoft Windows [Version 10.0.26200.7171], locale en-US) [707ms]
    • Flutter version 3.39.0-0.1.pre on channel beta at E:\flutter
    • Upstream repository https://github.com/flutter/flutter.git
    • Framework revision cbb46938ee (3 weeks ago), 2025-11-10 17:13:11 -0600
    • Engine revision b9afb03275
    • Dart version 3.11.0 (build 3.11.0-93.1.beta)
    • DevTools version 2.52.0
    • Feature flags: enable-web, enable-linux-desktop, enable-macos-desktop, enable-windows-desktop, enable-android, enable-ios, cli-animations, enable-native-assets, omit-legacy-version-file, enable-lldb-debugging

[✓] Windows Version (11 Pro 64-bit, 25H2, 2009) [2.2s]

[✓] Android toolchain - develop for Android devices (Android SDK version 36.1.0-rc1) [5.9s]
    • Android SDK at C:\Users\trimo\AppData\Local\Android\Sdk
    • Emulator version 36.2.12.0 (build_id 14214601) (CL:N/A)
    • Platform android-36, build-tools 36.1.0-rc1
    • ANDROID_HOME = C:\Users\trimo\AppData\Local\Android\Sdk
    • Java binary at: C:\Program Files\Android\Android Studio\jbr\bin\java
      This is the JDK bundled with the latest Android Studio installation on this machine.
      To manually set the JDK path, use: `flutter config --jdk-dir="path/to/jdk"`.
    • Java version OpenJDK Runtime Environment (build 21.0.8+-14196175-b1038.72)
    • All Android licenses accepted.

[✓] Chrome - develop for the web [153ms]
    • Chrome at C:\Program Files (x86)\Google\Chrome\Application\chrome.exe

[✓] Visual Studio - develop Windows apps (Visual Studio Community 2022 17.1.3) [149ms]
    • Visual Studio at C:\Program Files\Microsoft Visual Studio\2022\Community
    • Visual Studio Community 2022 version 17.1.32328.378
    • Windows 10 SDK version 10.0.19041.0

[✓] Connected device (3 available) [317ms]
    • Windows (desktop) • windows • windows-x64    • Microsoft Windows [Version 10.0.26200.7171]
    • Chrome (web)      • chrome  • web-javascript • Google Chrome 142.0.7444.176
    • Edge (web)        • edge    • web-javascript • Microsoft Edge 142.0.3595.94

[✓] Network resources [214ms]
    • All expected network resources are available.

• No issues found!
```
